#
# There is insufficient memory for the Java Runtime Environment to continue.
# Native memory allocation (malloc) failed to allocate 524288 bytes for object start array expansion
# Possible reasons:
#   The system is out of physical RAM or swap space
#   In 32 bit mode, the process size limit was hit
# Possible solutions:
#   Reduce memory load on the system
#   Increase physical memory or swap space
#   Check if swap backing store is full
#   Use 64 bit Java on a 64 bit OS
#   Decrease Java heap size (-Xmx/-Xms)
#   Decrease number of Java threads
#   Decrease Java thread stack sizes (-Xss)
#   Set larger code cache with -XX:ReservedCodeCacheSize=
# This output file may be truncated or incomplete.
#
#  Out of Memory Error (objectStartArray.cpp:96), pid=9680, tid=11856
#
# JRE version: 7.0_11-b21
# Java VM: Java HotSpot(TM) 64-Bit Server VM (23.6-b04 mixed mode windows-amd64 compressed oops)
# Failed to write core dump. Minidumps are not enabled by default on client versions of Windows
#

---------------  T H R E A D  ---------------

Current thread (0x0000000002bad000):  JavaThread "Unknown thread" [_thread_in_vm, id=11856, stack(0x0000000002bb0000,0x0000000002cb0000)]

Stack: [0x0000000002bb0000,0x0000000002cb0000]

---------------  P R O C E S S  ---------------

Java Threads: ( => current thread )

Other Threads:

=>0x0000000002bad000 (exited) JavaThread "Unknown thread" [_thread_in_vm, id=11856, stack(0x0000000002bb0000,0x0000000002cb0000)]

VM state:not at safepoint (not fully initialized)

VM Mutex/Monitor currently owned by a thread: None

GC Heap History (0 events):
No events

Deoptimization events (0 events):
No events

Internal exceptions (0 events):
No events

Events (0 events):
No events


Dynamic libraries:
0x000000013f910000 - 0x000000013f943000 	C:\Program Files\Java\jdk1.7.0_11\bin\javaw.exe
0x0000000077020000 - 0x00000000771ca000 	C:\Windows\SYSTEM32\ntdll.dll
0x0000000076cc0000 - 0x0000000076ddf000 	C:\Windows\system32\kernel32.dll
0x000007fefcef0000 - 0x000007fefcf5b000 	C:\Windows\system32\KERNELBASE.dll
0x000007fefe950000 - 0x000007fefea2b000 	C:\Windows\system32\ADVAPI32.dll
0x000007fefe8b0000 - 0x000007fefe94f000 	C:\Windows\system32\msvcrt.dll
0x000007fefee10000 - 0x000007fefee2f000 	C:\Windows\SYSTEM32\sechost.dll
0x000007fefead0000 - 0x000007fefebfd000 	C:\Windows\system32\RPCRT4.dll
0x0000000076de0000 - 0x0000000076eda000 	C:\Windows\system32\USER32.dll
0x000007feff190000 - 0x000007feff1f7000 	C:\Windows\system32\GDI32.dll
0x000007fefe5d0000 - 0x000007fefe5de000 	C:\Windows\system32\LPK.dll
0x000007feff200000 - 0x000007feff2ca000 	C:\Windows\system32\USP10.dll
0x000007fefb4e0000 - 0x000007fefb6d4000 	C:\Windows\WinSxS\amd64_microsoft.windows.common-controls_6595b64144ccf1df_6.0.7601.18837_none_fa3b1e3d17594757\COMCTL32.dll
0x000007feff110000 - 0x000007feff181000 	C:\Windows\system32\SHLWAPI.dll
0x000007fefc970000 - 0x000007fefc9c7000 	C:\Windows\system32\apphelp.dll
0x000007feeaf10000 - 0x000007feeaf61000 	C:\Windows\AppPatch\AppPatch64\AcGenral.DLL
0x000007fefc940000 - 0x000007fefc965000 	C:\Windows\system32\SspiCli.dll
0x000007fefef00000 - 0x000007feff103000 	C:\Windows\system32\ole32.dll
0x000007fefcfe0000 - 0x000007fefdd69000 	C:\Windows\system32\SHELL32.dll
0x0000000073a30000 - 0x0000000073a33000 	C:\Windows\system32\sfc.dll
0x000007fef8720000 - 0x000007fef8730000 	C:\Windows\system32\sfc_os.DLL
0x000007fefcd50000 - 0x000007fefcd6e000 	C:\Windows\system32\USERENV.dll
0x000007fefcb80000 - 0x000007fefcb8f000 	C:\Windows\system32\profapi.dll
0x000007fefcf70000 - 0x000007fefcf88000 	C:\Windows\system32\dwmapi.dll
0x000007fef8310000 - 0x000007fef8328000 	C:\Windows\system32\MPR.dll
0x000007fefee30000 - 0x000007fefee5e000 	C:\Windows\system32\IMM32.DLL
0x000007fefdd90000 - 0x000007fefde99000 	C:\Windows\system32\MSCTF.dll
0x000007fefcaa0000 - 0x000007fefcadc000 	C:\Windows\system32\nvinitx.dll
0x000000000f000000 - 0x000000000f006000 	C:\Program Files\NVIDIA Corporation\CoProcManager\_etoured.dll
0x000007fefa4e0000 - 0x000007fefa524000 	C:\Program Files\NVIDIA Corporation\CoProcManager\nvd3d9wrapx.dll
0x000007fefdf30000 - 0x000007fefe107000 	C:\Windows\system32\SETUPAPI.dll
0x000007fefcda0000 - 0x000007fefcdd6000 	C:\Windows\system32\CFGMGR32.dll
0x000007fefe4f0000 - 0x000007fefe5c8000 	C:\Windows\system32\OLEAUT32.dll
0x000007fefcd80000 - 0x000007fefcd9a000 	C:\Windows\system32\DEVOBJ.dll
0x000007fefa1f0000 - 0x000007fefa232000 	C:\Program Files\NVIDIA Corporation\CoProcManager\nvdxgiwrapx.dll
0x0000000057fc0000 - 0x0000000058091000 	C:\Program Files\Java\jdk1.7.0_11\jre\bin\msvcr100.dll
0x00000000527b0000 - 0x0000000052ecf000 	C:\Program Files\Java\jdk1.7.0_11\jre\bin\server\jvm.dll
0x000007fef8fc0000 - 0x000007fef8fc9000 	C:\Windows\system32\WSOCK32.dll
0x000007fefe3a0000 - 0x000007fefe3ed000 	C:\Windows\system32\WS2_32.dll
0x000007fefcfd0000 - 0x000007fefcfd8000 	C:\Windows\system32\NSI.dll
0x000007fefcb90000 - 0x000007fefcbcb000 	C:\Windows\system32\WINMM.dll
0x00000000771f0000 - 0x00000000771f7000 	C:\Windows\system32\PSAPI.DLL
0x00000000711e0000 - 0x00000000711ef000 	C:\Program Files\Java\jdk1.7.0_11\jre\bin\verify.dll
0x0000000058640000 - 0x0000000058668000 	C:\Program Files\Java\jdk1.7.0_11\jre\bin\java.dll
0x0000000064b90000 - 0x0000000064ba5000 	C:\Program Files\Java\jdk1.7.0_11\jre\bin\zip.dll

VM Arguments:
jvm_args: -Dmaven.home=F:\apache-maven-3.0.5 -Dclassworlds.conf=F:\SpringSideStudy\.metadata\.plugins\org.maven.ide.eclipse\launches\m2conf468638295580775839.tmp -Xms640m -Xmx640m -XX:PermSize=256m -XX:MaxPermSize=512m -Dfile.encoding=UTF-8 
java_command: org.codehaus.plexus.classworlds.launcher.Launcher -B package
Launcher Type: SUN_STANDARD

Environment Variables:
JAVA_HOME=C:\Program Files\Java\jdk1.7.0_11;
CLASSPATH=.;C:\Program Files\Java\jdk1.7.0_11;lib;C:\Program Files\Java\jdk1.7.0_11;lib\tools.jar;F:\apache-tomcat-7.0.2\lib\servlet-api.jar;ATALINA_HOME\lib\servlet-api.jar;
PATH=F:\software\IBM\SPSS\Modeler\14\bin\;C:\Program Files\Java\jdk1.7.0_11;\bin;C:\Program Files\Java\jdk1.7.0_11;\jre\bin;F:\shixi\user\product\11.2.0\dbhome_1\bin;F:\software\shixi\jdd\product\11.2.0\dbhome_1\bin;F:\Program Files (x86)\SPSSInc\Clementine12.0\bin\;0X0.000000P-1022ndroid_SDK_HOME/tools;0X0.000005P-1022NDROID_SDK_HOME0000000002CAF6B0latforms;C:\Program Files\Java\jdk1.7.0_11;\bin;E:android-sdk-windows\tools;C:\Program Files\Java\jdk1.7.0_11\bin;C:\Windows\system32;C:\Windows;C:\Windows\system32\wbem;F:\MySQL\MySQL Server 5.5\bin;C:\Program Files (x86)\Microsoft SQL Server\90\Tools\binn\;F:\MySQL\MySQL Server 5.0\bin;F:\Subversion\bin;F:\apache-maven-3.0.5\bin;F:\software\TortoiseSVN\bin;F:\nodejs\;F:\MongoDB\bin;ORACLE_HOME;F:\Program Files (x86)\Rational\common;F:\cygwin64\bin;F:\software\Python27;F:\software\Python27\Scripts;E:\software\Git\cmd;F:\software\Python27\Scripts;E:\software\Git\bin;F:\Program Files (x86)\IDM Computer Solutions\UltraEdit\;F:\Python27;F:\software\SSH Communications Security\SSH Secure Shell;F:\software\Python27\Scripts;
USERNAME=user
OS=Windows_NT
PROCESSOR_IDENTIFIER=Intel64 Family 6 Model 42 Stepping 7, GenuineIntel



---------------  S Y S T E M  ---------------

OS: Windows 7 , 64 bit Build 7601 Service Pack 1

CPU:total 4 (2 cores per cpu, 2 threads per core) family 6 model 42 stepping 7, cmov, cx8, fxsr, mmx, sse, sse2, sse3, ssse3, sse4.1, sse4.2, popcnt, avx, ht, tsc, tscinvbit

Memory: 4k page, physical 4104356k(1127028k free), swap 10231552k(445452k free)

vm_info: Java HotSpot(TM) 64-Bit Server VM (23.6-b04) for windows-amd64 JRE (1.7.0_11-b21), built on Jan 12 2013 02:38:42 by "java_re" with unknown MS VC++:1600

time: Sat Mar 19 16:50:39 2016
elapsed time: 0 seconds

